000 (14858049.000.000) 2022-01-26 13:58:30 Job submitted from host: <128.105.244.191:9618?addrs=128.105.244.191-9618&alias=submit-1.chtc.wisc.edu&noUDP&sock=schedd_3562897_9248>
...
040 (14858049.000.000) 2022-01-26 13:58:34 Started transferring input files
	Transferring to host: <128.105.245.168:9618?addrs=128.105.245.168-9618&alias=interactive2001.chtc.wisc.edu&noUDP&sock=slot1_2_11544_8acf_10707>
...
040 (14858049.000.000) 2022-01-26 13:58:34 Finished transferring input files
...
001 (14858049.000.000) 2022-01-26 13:58:35 Job executing on host: <128.105.245.168:9618?addrs=128.105.245.168-9618&alias=interactive2001.chtc.wisc.edu&noUDP&sock=startd_2719_9619>
...
006 (14858049.000.000) 2022-01-26 14:04:03 Image size of job updated: 308720
	3  -  MemoryUsage of job (MB)
	2228  -  ResidentSetSize of job (KB)
...
006 (14858049.000.000) 2022-01-26 14:14:07 Image size of job updated: 308720
	3  -  MemoryUsage of job (MB)
	2680  -  ResidentSetSize of job (KB)
...
040 (14858049.000.000) 2022-01-26 14:14:07 Started transferring output files
...
040 (14858049.000.000) 2022-01-26 14:14:07 Finished transferring output files
...
004 (14858049.000.000) 2022-01-26 14:14:08 Job was evicted.
	(0) CPU times
		Usr 0 00:01:39, Sys 0 00:00:39  -  Run Remote Usage
		Usr 0 00:00:00, Sys 0 00:00:00  -  Run Local Usage
	1425  -  Run Bytes Sent By Job
	2211  -  Run Bytes Received By Job
	Partitionable Resources :       Usage  Request Allocated 
	   Cpus                 :        0.01        1         1 
	   Disk (KB)            : 11458343    31457280  32529866 
	   IoHeavy              :                              0 
	   Memory (MB)          :        3        4096      4096 
...
009 (14858049.000.000) 2022-01-26 14:14:08 Job was aborted.
...
